[01m[K/home/iason/aristurtle/controlTasks/task1/ros2_ws/src/autocross_visualizer/src/autocross_map_visualization.cpp:[m[K In constructor â€˜[01m[KMarkerPublisher::MarkerPublisher()[m[Kâ€™:
[01m[K/home/iason/aristurtle/controlTasks/task1/ros2_ws/src/autocross_visualizer/src/autocross_map_visualization.cpp:12:95:[m[K [01;31m[Kerror: [m[Kâ€˜[01m[Kpublish_marker[m[Kâ€™ is not a member of â€˜[01m[KMarkerPublisher[m[Kâ€™
   12 | ds(1), std::bind(&MarkerPublisher::[01;31m[Kpublish_marker[m[K, this));
      |                                    [01;31m[K^~~~~~~~~~~~~~[m[K

gmake[2]: *** [CMakeFiles/marker_publisher_node.dir/build.make:76: CMakeFiles/marker_publisher_node.dir/src/autocross_map_visualization.cpp.o] Error 1
gmake[1]: *** [CMakeFiles/Makefile2:137: CMakeFiles/marker_publisher_node.dir/all] Error 2
gmake: *** [Makefile:146: all] Error 2
