[0.009s] Invoking command in '/home/iason/aristurtle/controlTasks/task1/ros2_ws/build/autocross_visualizer': CMAKE_PREFIX_PATH=/opt/ros/humble /usr/bin/cmake --build /home/iason/aristurtle/controlTasks/task1/ros2_ws/build/autocross_visualizer -- -j8 -l8
[0.048s] [35m[1mConsolidate compiler generated dependencies of target marker_publisher_node[0m
[0.066s] [ 50%] [32mBuilding CXX object CMakeFiles/marker_publisher_node.dir/src/autocross_map_visualization.cpp.o[0m
[2.228s] [01m[K/home/iason/aristurtle/controlTasks/task1/ros2_ws/src/autocross_visualizer/src/autocross_map_visualization.cpp:[m[K In member function â€˜[01m[Kvoid MarkerPublisher::publish_markers()[m[Kâ€™:
[2.229s] [01m[K/home/iason/aristurtle/controlTasks/task1/ros2_ws/src/autocross_visualizer/src/autocross_map_visualization.cpp:75:5:[m[K [01;31m[Kerror: [m[Kexpected â€˜[01m[K;[m[Kâ€™ before â€˜[01m[K}[m[Kâ€™ token
[2.229s]    75 |     [01;31m[K}[m[K
[2.229s]       |     [01;31m[K^[m[K
[3.024s] gmake[2]: *** [CMakeFiles/marker_publisher_node.dir/build.make:76: CMakeFiles/marker_publisher_node.dir/src/autocross_map_visualization.cpp.o] Error 1
[3.025s] gmake[1]: *** [CMakeFiles/Makefile2:137: CMakeFiles/marker_publisher_node.dir/all] Error 2
[3.025s] gmake: *** [Makefile:146: all] Error 2
[3.027s] Invoked command in '/home/iason/aristurtle/controlTasks/task1/ros2_ws/build/autocross_visualizer' returned '2': CMAKE_PREFIX_PATH=/opt/ros/humble /usr/bin/cmake --build /home/iason/aristurtle/controlTasks/task1/ros2_ws/build/autocross_visualizer -- -j8 -l8
