[0.010s] Invoking command in '/home/iason/aristurtle/controlTasks/task1/ros2_ws/build/autocross_visualizer': CMAKE_PREFIX_PATH=/opt/ros/humble /usr/bin/cmake --build /home/iason/aristurtle/controlTasks/task1/ros2_ws/build/autocross_visualizer -- -j8 -l8
[0.063s] [ 50%] [32mBuilding CXX object CMakeFiles/marker_publisher_node.dir/src/autocross_map_visualization.cpp.o[0m
[2.287s] [01m[K/home/iason/aristurtle/controlTasks/task1/ros2_ws/src/autocross_visualizer/src/autocross_map_visualization.cpp:[m[K In member function â€˜[01m[Kvoid MarkerPublisher::publish_markers()[m[Kâ€™:
[2.287s] [01m[K/home/iason/aristurtle/controlTasks/task1/ros2_ws/src/autocross_visualizer/src/autocross_map_visualization.cpp:74:53:[m[K [01;31m[Kerror: [m[Kcannot convert â€˜[01m[KColour[m[Kâ€™ to â€˜[01m[Kconst std::vector<Vector2D>&[m[Kâ€™
[2.287s]    74 |         create_and_publish_markers(coordinates_left,[01;31m[KBlue[m[K);
[2.287s]       |                                                     [01;31m[K^~~~[m[K
[2.287s]       |                                                     [01;31m[K|[m[K
[2.287s]       |                                                     [01;31m[KColour[m[K
[2.287s] [01m[K/home/iason/aristurtle/controlTasks/task1/ros2_ws/src/autocross_visualizer/src/autocross_map_visualization.cpp:78:111:[m[K [01;36m[Knote: [m[K  initializing argument 2 of â€˜[01m[Kvoid MarkerPublisher::create_and_publish_markers(const std::vector<Vector2D>&, const std::vector<Vector2D>&)[m[Kâ€™
[2.287s]    78 | and_publish_markers(const std::vector<Vector2D> &coordinatesLeft,[01;36m[Kconst std::vector<Vector2D> &coordinatesRight[m[K)
[2.288s]       |                                                                  [01;36m[K~~~~~~~~~~~~~~~~~~~~~~~~~~~~~^~~~~~~~~~~~~~~~[m[K
[2.288s] 
[2.288s] [01m[K/home/iason/aristurtle/controlTasks/task1/ros2_ws/src/autocross_visualizer/src/autocross_map_visualization.cpp:75:54:[m[K [01;31m[Kerror: [m[Kcannot convert â€˜[01m[KColour[m[Kâ€™ to â€˜[01m[Kconst std::vector<Vector2D>&[m[Kâ€™
[2.288s]    75 |         create_and_publish_markers(coordinates_right,[01;31m[KYellow[m[K);
[2.288s]       |                                                      [01;31m[K^~~~~~[m[K
[2.288s]       |                                                      [01;31m[K|[m[K
[2.288s]       |                                                      [01;31m[KColour[m[K
[2.288s] [01m[K/home/iason/aristurtle/controlTasks/task1/ros2_ws/src/autocross_visualizer/src/autocross_map_visualization.cpp:78:111:[m[K [01;36m[Knote: [m[K  initializing argument 2 of â€˜[01m[Kvoid MarkerPublisher::create_and_publish_markers(const std::vector<Vector2D>&, const std::vector<Vector2D>&)[m[Kâ€™
[2.288s]    78 | and_publish_markers(const std::vector<Vector2D> &coordinatesLeft,[01;36m[Kconst std::vector<Vector2D> &coordinatesRight[m[K)
[2.288s]       |                                                                  [01;36m[K~~~~~~~~~~~~~~~~~~~~~~~~~~~~~^~~~~~~~~~~~~~~~[m[K
[2.288s] 
[3.036s] gmake[2]: *** [CMakeFiles/marker_publisher_node.dir/build.make:76: CMakeFiles/marker_publisher_node.dir/src/autocross_map_visualization.cpp.o] Error 1
[3.036s] gmake[1]: *** [CMakeFiles/Makefile2:137: CMakeFiles/marker_publisher_node.dir/all] Error 2
[3.037s] gmake: *** [Makefile:146: all] Error 2
[3.039s] Invoked command in '/home/iason/aristurtle/controlTasks/task1/ros2_ws/build/autocross_visualizer' returned '2': CMAKE_PREFIX_PATH=/opt/ros/humble /usr/bin/cmake --build /home/iason/aristurtle/controlTasks/task1/ros2_ws/build/autocross_visualizer -- -j8 -l8
