[0.009s] Invoking command in '/home/iason/aristurtle/controlTasks/task1/ros2_ws/build/autocross_visualizer': CMAKE_PREFIX_PATH=/opt/ros/humble /usr/bin/cmake --build /home/iason/aristurtle/controlTasks/task1/ros2_ws/build/autocross_visualizer -- -j8 -l8
[0.051s] [35m[1mConsolidate compiler generated dependencies of target marker_publisher_node[0m
[0.067s] [ 50%] [32mBuilding CXX object CMakeFiles/marker_publisher_node.dir/src/autocross_map_visualization.cpp.o[0m
[2.153s] [01m[K/home/iason/aristurtle/controlTasks/task1/ros2_ws/src/autocross_visualizer/src/autocross_map_visualization.cpp:[m[K In constructor â€˜[01m[KMarkerPublisher::MarkerPublisher()[m[Kâ€™:
[2.153s] [01m[K/home/iason/aristurtle/controlTasks/task1/ros2_ws/src/autocross_visualizer/src/autocross_map_visualization.cpp:27:54:[m[K [01;31m[Kerror: [m[Kno matching function for call to â€˜[01m[KMarkerPublisher::read_coordinates_from_file(const char [9], Colour)[m[Kâ€™
[2.153s]    27 |         coordinates_left = [01;31m[Kread_coordinates_from_file("Left.txt",Blue)[m[K;
[2.153s]       |                            [01;31m[K~~~~~~~~~~~~~~~~~~~~~~~~~~^~~~~~~~~~~~~~~~~[m[K
[2.153s] [01m[K/home/iason/aristurtle/controlTasks/task1/ros2_ws/src/autocross_visualizer/src/autocross_map_visualization.cpp:36:27:[m[K [01;36m[Knote: [m[Kcandidate: â€˜[01m[Kstd::vector<Vector2D> MarkerPublisher::read_coordinates_from_file(const string&)[m[Kâ€™
[2.153s]    36 |     std::vector<Vector2D> [01;36m[Kread_coordinates_from_file[m[K(const std::string &filename)
[2.153s]       |                           [01;36m[K^~~~~~~~~~~~~~~~~~~~~~~~~~[m[K
[2.153s] [01m[K/home/iason/aristurtle/controlTasks/task1/ros2_ws/src/autocross_visualizer/src/autocross_map_visualization.cpp:36:27:[m[K [01;36m[Knote: [m[K  candidate expects 1 argument, 2 provided
[2.153s] [01m[K/home/iason/aristurtle/controlTasks/task1/ros2_ws/src/autocross_visualizer/src/autocross_map_visualization.cpp:28:55:[m[K [01;31m[Kerror: [m[Kno matching function for call to â€˜[01m[KMarkerPublisher::read_coordinates_from_file(const char [10], Colour)[m[Kâ€™
[2.153s]    28 |         coordinates_right = [01;31m[Kread_coordinates_from_file("Right.txt",Yellow)[m[K;
[2.153s]       |                             [01;31m[K~~~~~~~~~~~~~~~~~~~~~~~~~~^~~~~~~~~~~~~~~~~~~~[m[K
[2.153s] [01m[K/home/iason/aristurtle/controlTasks/task1/ros2_ws/src/autocross_visualizer/src/autocross_map_visualization.cpp:36:27:[m[K [01;36m[Knote: [m[Kcandidate: â€˜[01m[Kstd::vector<Vector2D> MarkerPublisher::read_coordinates_from_file(const string&)[m[Kâ€™
[2.154s]    36 |     std::vector<Vector2D> [01;36m[Kread_coordinates_from_file[m[K(const std::string &filename)
[2.154s]       |                           [01;36m[K^~~~~~~~~~~~~~~~~~~~~~~~~~[m[K
[2.154s] [01m[K/home/iason/aristurtle/controlTasks/task1/ros2_ws/src/autocross_visualizer/src/autocross_map_visualization.cpp:36:27:[m[K [01;36m[Knote: [m[K  candidate expects 1 argument, 2 provided
[2.935s] gmake[2]: *** [CMakeFiles/marker_publisher_node.dir/build.make:76: CMakeFiles/marker_publisher_node.dir/src/autocross_map_visualization.cpp.o] Error 1
[2.935s] gmake[1]: *** [CMakeFiles/Makefile2:137: CMakeFiles/marker_publisher_node.dir/all] Error 2
[2.935s] gmake: *** [Makefile:146: all] Error 2
[2.937s] Invoked command in '/home/iason/aristurtle/controlTasks/task1/ros2_ws/build/autocross_visualizer' returned '2': CMAKE_PREFIX_PATH=/opt/ros/humble /usr/bin/cmake --build /home/iason/aristurtle/controlTasks/task1/ros2_ws/build/autocross_visualizer -- -j8 -l8
