[01m[K/home/iason/aristurtle/controlTasks/task1/ros2_ws/src/autocross_visualizer/src/autocross_map_visualization.cpp:[m[K In constructor â€˜[01m[KMarkerPublisher::MarkerPublisher()[m[Kâ€™:
[01m[K/home/iason/aristurtle/controlTasks/task1/ros2_ws/src/autocross_visualizer/src/autocross_map_visualization.cpp:24:67:[m[K [01;31m[Kerror: [m[Klvalue required as unary â€˜[01m[K&[m[Kâ€™ operand
   24 |             std::bind(&[01;31m[KMarkerPublisher::create_and_publish_markers(coordinates_)[m[K, this)
      |                        [01;31m[K~~~~~~~~~~~~~~~~~~~~~~~~~~~~~~~~~~~~~~~~~~~^~~~~~~~~~~~~~[m[K
gmake[2]: *** [CMakeFiles/marker_publisher_node.dir/build.make:76: CMakeFiles/marker_publisher_node.dir/src/autocross_map_visualization.cpp.o] Error 1
gmake[1]: *** [CMakeFiles/Makefile2:137: CMakeFiles/marker_publisher_node.dir/all] Error 2
gmake: *** [Makefile:146: all] Error 2
